16/08/2019 00:03:35: SeleniumDriver: INFO: Element found
16/08/2019 00:03:35: SeleniumDriver: INFO: Clicked on element with value:Login and locatortype:link_text
16/08/2019 00:03:38: SeleniumDriver: INFO: Element found
16/08/2019 00:03:38: SeleniumDriver: INFO: Text written in element with value:user_email and locatortype:id
16/08/2019 00:03:38: SeleniumDriver: INFO: Element found
16/08/2019 00:03:38: SeleniumDriver: INFO: Text written in element with value:user_password and locatortype:id
16/08/2019 00:03:38: SeleniumDriver: INFO: Element found
16/08/2019 00:03:41: SeleniumDriver: INFO: Clicked on element with value:commit and locatortype:name
16/08/2019 00:03:41: SeleniumDriver: INFO: Element found
16/08/2019 00:03:41: SeleniumDriver: INFO: Text written in element with value:search-courses and locatortype:id
16/08/2019 00:03:41: SeleniumDriver: INFO: Element found
16/08/2019 00:03:42: SeleniumDriver: INFO: Clicked on element with value:search-course-button and locatortype:id
16/08/2019 00:03:42: SeleniumDriver: INFO: Element found
16/08/2019 00:03:42: SeleniumDriver: INFO: Clicked on element with value://div[contains(@class,'course-listing-title') and contains(text(),'JavaScript for beginners')] and locatortype:xpath
16/08/2019 00:03:43: SeleniumDriver: INFO: Element found
16/08/2019 00:03:48: SeleniumDriver: INFO: Clicked on element with value:enroll-button-top and locatortype:id
16/08/2019 00:03:48: SeleniumDriver: INFO: Element found
16/08/2019 00:03:48: SeleniumDriver: INFO: Clicked on element with value:agreed_to_terms_checkbox and locatortype:id
16/08/2019 00:03:53: SeleniumDriver: INFO: Element found
16/08/2019 00:03:54: SeleniumDriver: INFO: Text written in element with value://input[@aria-label='Credit or debit card number'] and locatortype:xpath
16/08/2019 00:03:59: SeleniumDriver: INFO: Element found
16/08/2019 00:03:59: SeleniumDriver: INFO: Text written in element with value:exp-date and locatortype:name
16/08/2019 00:04:04: SeleniumDriver: INFO: Element found
16/08/2019 00:04:04: SeleniumDriver: INFO: Text written in element with value:cvc and locatortype:name
16/08/2019 00:04:09: SeleniumDriver: INFO: Element found
16/08/2019 00:04:09: SeleniumDriver: INFO: Text written in element with value:postal and locatortype:name
16/08/2019 00:04:09: SeleniumDriver: INFO: Element found
16/08/2019 00:04:09: SeleniumDriver: INFO: Clicked on element with value:agreed_to_terms_checkbox and locatortype:id
16/08/2019 00:04:09: SeleniumDriver: INFO: Element found
16/08/2019 00:04:09: SeleniumDriver: INFO: Element is disabled
